<?xml version="1.0" encoding="UTF-8"?>
<testsuite xmlns:xsi="http://www.w3.org/2001/XMLSchema-instance" xsi:schemaLocation="https://maven.apache.org/surefire/maven-surefire-plugin/xsd/surefire-test-report.xsd" name="javalab.test.ParameterizedTestDemo" time="0.193" tests="5" errors="0" skipped="0" failures="0">
  <properties>
[...]
</properties>
  <testcase name="shouldGenerateTheExpectedUppercaseValue{String, String}[1]" classname="javalab.test.ParameterizedTestDemo" time="0.072"/>
  <testcase name="shouldGenerateTheExpectedUppercaseValue{String, String}[2]" classname="javalab.test.ParameterizedTestDemo" time="0"/>
  <testcase name="shouldGenerateTheExpectedUppercaseValue{String, String}[3]" classname="javalab.test.ParameterizedTestDemo" time="0"/>
  <testcase name="palindromes{String}[1]" classname="javalab.test.ParameterizedTestDemo" time="0"/>
  <testcase name="palindromes{String}[2]" classname="javalab.test.ParameterizedTestDemo" time="0"/>
</testsuite>